<?xml version="1.0" encoding="UTF-8"?>
<!-- Generated by org.testng.reporters.JUnitReportReporter -->
<testsuite hostname="Mac.lan" failures="0" tests="1" name="sameerakhtar.tests.ECommerceTest" time="29.282" errors="0" timestamp="2025-04-04T04:29:25 IST" skipped="0">
  <testcase classname="sameerakhtar.tests.ECommerceTest" name="endToEndTest" time="29.282"/>
</testsuite> <!-- sameerakhtar.tests.ECommerceTest -->
