<?xml version="1.0" encoding="UTF-8"?>
<!-- Generated by org.testng.reporters.JUnitReportReporter -->
<testsuite hostname="Sameers-MacBook-Air.local" failures="0" tests="1" name="sameerakhtar.tests.iOSBasics" time="22.749" errors="0" timestamp="2025-04-25T02:02:29 IST" skipped="0">
  <testcase classname="sameerakhtar.tests.iOSBasics" name="iOSTestPOM" time="22.749"/>
</testsuite> <!-- sameerakhtar.tests.iOSBasics -->
