<?xml version="1.0" encoding="UTF-8"?>
<!-- Generated by org.testng.reporters.JUnitReportReporter -->
<testsuite hostname="Sameers-MacBook-Air.local" failures="0" tests="1" name="sameerakhtar.tests.iOSBasics" time="3.526" errors="0" timestamp="2025-04-15T01:55:57 IST" skipped="0">
  <testcase classname="sameerakhtar.tests.iOSBasics" name="sliderTest" time="3.526"/>
</testsuite> <!-- sameerakhtar.tests.iOSBasics -->
