<?xml version="1.0" encoding="UTF-8"?>
<!-- Generated by org.testng.reporters.JUnitReportReporter -->
<testsuite hostname="Sameers-MacBook-Air.local" failures="0" tests="1" name="sameerakhtar.tests.ECommerceTest" time="28.681" errors="0" timestamp="2025-04-23T01:51:52 IST" skipped="0">
  <testcase classname="sameerakhtar.tests.ECommerceTest" name="endToEndTestPOM" time="28.681"/>
</testsuite> <!-- sameerakhtar.tests.ECommerceTest -->
