<?xml version="1.0" encoding="UTF-8"?>
<!-- Generated by org.testng.reporters.JUnitReportReporter -->
<testsuite hostname="Sameers-MacBook-Air.local" failures="0" tests="1" name="sameerakhtar.tests.ECommerceTest" time="42.257" errors="0" timestamp="2025-04-18T04:12:56 IST" skipped="0">
  <testcase classname="sameerakhtar.tests.ECommerceTest" name="endToEndTestPOM" time="42.257"/>
</testsuite> <!-- sameerakhtar.tests.ECommerceTest -->
