<?xml version="1.0" encoding="UTF-8"?>
<!-- Generated by org.testng.reporters.JUnitReportReporter -->
<testsuite hostname="Sameers-MacBook-Air.local" failures="0" tests="1" name="sameerakhtar.tests.ECommerceTest" time="40.807" errors="0" timestamp="2025-04-03T03:17:43 IST" skipped="0">
  <testcase classname="sameerakhtar.tests.ECommerceTest" name="endToEndTest" time="40.807"/>
</testsuite> <!-- sameerakhtar.tests.ECommerceTest -->
