<?xml version="1.0" encoding="UTF-8"?>
<!-- Generated by org.testng.reporters.JUnitReportReporter -->
<testsuite hostname="Sameers-MacBook-Air.local" failures="0" tests="1" name="sameerakhtar.tests.MobileBrowserTest" time="28.604" errors="0" timestamp="2025-04-09T00:44:23 IST" skipped="0">
  <testcase classname="sameerakhtar.tests.MobileBrowserTest" name="browserTest" time="28.604"/>
</testsuite> <!-- sameerakhtar.tests.MobileBrowserTest -->
