<?xml version="1.0" encoding="UTF-8"?>
<!-- Generated by org.testng.reporters.JUnitReportReporter -->
<testsuite hostname="Sameers-MacBook-Air.local" failures="0" tests="1" name="sameerakhtar.tests.ECommerceTest" time="49.103" errors="0" timestamp="2025-04-08T00:51:13 IST" skipped="0">
  <testcase classname="sameerakhtar.tests.ECommerceTest" name="endToEndTest" time="49.103"/>
</testsuite> <!-- sameerakhtar.tests.ECommerceTest -->
