<?xml version="1.0" encoding="UTF-8"?>
<!-- Generated by org.testng.reporters.JUnitReportReporter -->
<testsuite hostname="Sameers-MacBook-Air.local" failures="0" tests="1" name="sameerakhtar.tests.iOSBasics" time="8.605" errors="0" timestamp="2025-04-11T03:14:21 IST" skipped="0">
  <testcase classname="sameerakhtar.tests.iOSBasics" name="iOSBasicTest" time="8.605"/>
</testsuite> <!-- sameerakhtar.tests.iOSBasics -->
