<?xml version="1.0" encoding="UTF-8"?>
<!-- Generated by org.testng.reporters.JUnitReportReporter -->
<testsuite hostname="Sameers-MacBook-Air.local" failures="0" tests="1" name="sameerakhtar.tests.iOSBasics" time="38.472" errors="0" timestamp="2025-04-16T02:19:53 IST" skipped="0">
  <testcase classname="sameerakhtar.tests.iOSBasics" name="swipeTest" time="38.472"/>
</testsuite> <!-- sameerakhtar.tests.iOSBasics -->
