<?xml version="1.0" encoding="UTF-8"?>
<!-- Generated by org.testng.reporters.JUnitReportReporter -->
<testsuite hostname="Mac.lan" failures="0" tests="1" name="sameerakhtar.tests.iOSBasics" time="13.860" errors="0" timestamp="2025-04-14T22:09:00 IST" skipped="0">
  <testcase classname="sameerakhtar.tests.iOSBasics" name="longPressTest" time="13.860"/>
</testsuite> <!-- sameerakhtar.tests.iOSBasics -->
