<?xml version="1.0" encoding="UTF-8"?>
<!-- Generated by org.testng.reporters.JUnitReportReporter -->
<testsuite hostname="Sameers-MacBook-Air.local" failures="0" tests="1" name="sameerakhtar.tests.iOSTest" time="46.900" errors="0" timestamp="2025-04-10T01:38:04 IST" skipped="0">
  <testcase classname="sameerakhtar.tests.iOSTest" name="firstTest" time="46.900"/>
</testsuite> <!-- sameerakhtar.tests.iOSTest -->
