<?xml version="1.0" encoding="UTF-8"?>
<!-- Generated by org.testng.reporters.JUnitReportReporter -->
<testsuite hostname="Sameers-MacBook-Air.local" failures="0" tests="1" name="sameerakhtar.tests.ECommerceTest" time="27.719" errors="0" timestamp="2025-04-22T22:34:22 IST" skipped="0">
  <testcase classname="sameerakhtar.tests.ECommerceTest" name="endToEndTestPOM" time="27.719"/>
</testsuite> <!-- sameerakhtar.tests.ECommerceTest -->
