<?xml version="1.0" encoding="UTF-8"?>
<!-- Generated by org.testng.reporters.JUnitReportReporter -->
<testsuite hostname="Mac.lan" failures="0" tests="1" name="sameerakhtar.tests.ECommerceTest" time="44.567" errors="0" timestamp="2025-05-02T23:13:09 IST" skipped="0">
  <testcase classname="sameerakhtar.tests.ECommerceTest" name="endToEndTestPOM" time="44.567"/>
</testsuite> <!-- sameerakhtar.tests.ECommerceTest -->
